[debug] [2024-02-12T20:37:49.919Z] ----------------------------------------------------------------------
[debug] [2024-02-12T20:37:49.922Z] Command:       /home/nuru/.nvm/versions/node/v20.6.1/bin/node /home/nuru/.nvm/versions/node/v20.6.1/bin/firebase deploy
[debug] [2024-02-12T20:37:49.922Z] CLI Version:   13.2.1
[debug] [2024-02-12T20:37:49.923Z] Platform:      linux
[debug] [2024-02-12T20:37:49.923Z] Node Version:  v20.6.1
[debug] [2024-02-12T20:37:49.923Z] Time:          Mon Feb 12 2024 23:37:49 GMT+0300 (East Africa Time)
[debug] [2024-02-12T20:37:49.923Z] ----------------------------------------------------------------------
[debug] 
[debug] [2024-02-12T20:37:50.001Z] > command requires scopes: ["email","openid","https://www.googleapis.com/auth/cloudplatformprojects.readonly","https://www.googleapis.com/auth/firebase","https://www.googleapis.com/auth/cloud-platform"]
[debug] [2024-02-12T20:37:50.002Z] > authorizing via signed-in user (nurudiin222@gmail.com)
[debug] [2024-02-12T20:37:50.002Z] [iam] checking project xobo-delivery-ltd for permissions ["firebase.projects.get","firebasehosting.sites.update"]
[debug] [2024-02-12T20:37:50.004Z] >>> [apiv2][query] POST https://cloudresourcemanager.googleapis.com/v1/projects/xobo-delivery-ltd:testIamPermissions [none]
[debug] [2024-02-12T20:37:50.004Z] >>> [apiv2][(partial)header] POST https://cloudresourcemanager.googleapis.com/v1/projects/xobo-delivery-ltd:testIamPermissions x-goog-quota-user=projects/xobo-delivery-ltd
[debug] [2024-02-12T20:37:50.004Z] >>> [apiv2][body] POST https://cloudresourcemanager.googleapis.com/v1/projects/xobo-delivery-ltd:testIamPermissions {"permissions":["firebase.projects.get","firebasehosting.sites.update"]}
[debug] [2024-02-12T20:37:51.618Z] <<< [apiv2][status] POST https://cloudresourcemanager.googleapis.com/v1/projects/xobo-delivery-ltd:testIamPermissions 200
[debug] [2024-02-12T20:37:51.618Z] <<< [apiv2][body] POST https://cloudresourcemanager.googleapis.com/v1/projects/xobo-delivery-ltd:testIamPermissions {"permissions":["firebase.projects.get","firebasehosting.sites.update"]}
[debug] [2024-02-12T20:37:51.620Z] >>> [apiv2][query] GET https://firebase.googleapis.com/v1beta1/projects/xobo-delivery-ltd [none]
[debug] [2024-02-12T20:37:52.328Z] <<< [apiv2][status] GET https://firebase.googleapis.com/v1beta1/projects/xobo-delivery-ltd 200
[debug] [2024-02-12T20:37:52.329Z] <<< [apiv2][body] GET https://firebase.googleapis.com/v1beta1/projects/xobo-delivery-ltd {"projectId":"xobo-delivery-ltd","projectNumber":"366347212095","displayName":"XOBO","name":"projects/xobo-delivery-ltd","resources":{"hostingSite":"xobo-delivery-ltd"},"state":"ACTIVE","etag":"1_524285f1-fb11-4214-a32a-f8d2ff79f2ab"}
[info] 
[info] === Deploying to 'xobo-delivery-ltd'...
[info] 
[info] i  deploying hosting 
[debug] [2024-02-12T20:37:52.339Z] >>> [apiv2][query] POST https://firebasehosting.googleapis.com/v1beta1/projects/-/sites/xobo-delivery-ltd/versions [none]
[debug] [2024-02-12T20:37:52.339Z] >>> [apiv2][body] POST https://firebasehosting.googleapis.com/v1beta1/projects/-/sites/xobo-delivery-ltd/versions {"status":"CREATED","labels":{"deployment-tool":"cli-firebase"}}
